/home/vscode/.local/lib/python3.12/site-packages/pytest_asyncio/plugin.py:247: PytestDeprecationWarning: The configuration option "asyncio_default_fixture_loop_scope" is unset.
The event loop scope for asynchronous fixtures will default to the fixture caching scope. Future versions of pytest-asyncio will default the loop scope for asynchronous fixtures to function scope. Set the default fixture loop scope explicitly in order to avoid unexpected behavior in the future. Valid fixture loop scopes are: "function", "class", "module", "package", "session"

  warnings.warn(PytestDeprecationWarning(_DEFAULT_FIXTURE_LOOP_SCOPE_UNSET))
........................................................................ [  6%]
........................................................................ [ 12%]
........................................................................ [ 19%]
........................................................................ [ 25%]
........................................................................ [ 31%]
........................................................................ [ 38%]
........................................................................ [ 44%]
........................................................................ [ 51%]
........................................................................ [ 57%]
........................................................................ [ 63%]
........................................................................ [ 70%]
........................................................................ [ 76%]
........................................................................ [ 83%]
........................................................................ [ 89%]
........................................................................ [ 95%]
..............................................                           [100%]
=============================== warnings summary ===============================
../../home/vscode/.local/lib/python3.12/site-packages/starlette/formparsers.py:12
  /home/vscode/.local/lib/python3.12/site-packages/starlette/formparsers.py:12: PendingDeprecationWarning: Please use `import python_multipart` instead.
    import multipart

../../home/vscode/.local/lib/python3.12/site-packages/authlib/_joserfc_helpers.py:8
  /home/vscode/.local/lib/python3.12/site-packages/authlib/_joserfc_helpers.py:8: AuthlibDeprecationWarning: authlib.jose module is deprecated, please use joserfc instead.
  It will be compatible before version 2.0.0.
    from authlib.jose import ECKey

-- Docs: https://docs.pytest.org/en/stable/how-to/capture-warnings.html
1126 passed, 2 warnings in 341.48s (0:05:41)
