/home/vscode/.local/lib/python3.12/site-packages/pytest_asyncio/plugin.py:247: PytestDeprecationWarning: The configuration option "asyncio_default_fixture_loop_scope" is unset.
The event loop scope for asynchronous fixtures will default to the fixture caching scope. Future versions of pytest-asyncio will default the loop scope for asynchronous fixtures to function scope. Set the default fixture loop scope explicitly in order to avoid unexpected behavior in the future. Valid fixture loop scopes are: "function", "class", "module", "package", "session"

  warnings.warn(PytestDeprecationWarning(_DEFAULT_FIXTURE_LOOP_SCOPE_UNSET))
.................................................                        [100%]
=============================== warnings summary ===============================
test_navigation.py::test_overview_page_loads
  /home/vscode/.local/lib/python3.12/site-packages/starlette/formparsers.py:12: PendingDeprecationWarning: Please use `import python_multipart` instead.
    import multipart

test_navigation.py::test_overview_page_loads
  /home/vscode/.local/lib/python3.12/site-packages/authlib/_joserfc_helpers.py:8: AuthlibDeprecationWarning: authlib.jose module is deprecated, please use joserfc instead.
  It will be compatible before version 2.0.0.
    from authlib.jose import ECKey

test_navigation.py::test_overview_page_loads
  /home/vscode/.local/lib/python3.12/site-packages/websockets/legacy/__init__.py:6: DeprecationWarning: websockets.legacy is deprecated; see https://websockets.readthedocs.io/en/stable/howto/upgrade.html for upgrade instructions
    warnings.warn(  # deprecated in 14.0 - 2024-11-09

test_navigation.py::test_overview_page_loads
  /home/vscode/.local/lib/python3.12/site-packages/uvicorn/protocols/websockets/websockets_impl.py:16: DeprecationWarning: websockets.server.WebSocketServerProtocol is deprecated
    from websockets.server import WebSocketServerProtocol

test_navigation.py: 5 warnings
test_settings.py: 32 warnings
  /home/vscode/.local/lib/python3.12/site-packages/github/MainClass.py:225: DeprecationWarning: Argument login_or_token is deprecated, please use auth=github.Auth.Token(...) instead
    warnings.warn(

-- Docs: https://docs.pytest.org/en/stable/how-to/capture-warnings.html
49 passed, 41 warnings in 38.72s
