************* Module src.config
src\config.py:90:4: C0116: Missing function or method docstring (missing-function-docstring)
************* Module src.crypto
src\crypto.py:31:11: W0718: Catching too general exception Exception (broad-exception-caught)
************* Module src.database
src\database.py:63:0: C0115: Missing class docstring (missing-class-docstring)
src\database.py:63:0: R0903: Too few public methods (0/2) (too-few-public-methods)
src\database.py:67:0: R0902: Too many instance attributes (9/7) (too-many-instance-attributes)
src\database.py:192:19: W0718: Catching too general exception Exception (broad-exception-caught)
************* Module src.main
src\main.py:48:11: W0718: Catching too general exception Exception (broad-exception-caught)
************* Module src.analyzer.ai_review
src\analyzer\ai_review.py:107:11: W0718: Catching too general exception Exception (broad-exception-caught)
src\analyzer\ai_review.py:92:8: C0415: Import outside toplevel (src.config.settings) (import-outside-toplevel)
************* Module src.api.hook
src\api\hook.py:52:0: C0115: Missing class docstring (missing-class-docstring)
************* Module src.config_manager.manager
src\config_manager\manager.py:8:0: R0902: Too many instance attributes (15/7) (too-many-instance-attributes)
************* Module src.gate.engine
src\gate\engine.py:29:0: R0917: Too many positional arguments (7/5) (too-many-positional-arguments)
src\gate\engine.py:29:0: R0912: Too many branches (17/12) (too-many-branches)
************* Module src.models.analysis
src\models\analysis.py:8:0: R0903: Too few public methods (0/2) (too-few-public-methods)
************* Module src.models.gate_decision
src\models\gate_decision.py:7:0: R0903: Too few public methods (0/2) (too-few-public-methods)
************* Module src.models.repository
src\models\repository.py:8:0: R0903: Too few public methods (0/2) (too-few-public-methods)
************* Module src.models.repo_config
src\models\repo_config.py:7:0: R0903: Too few public methods (0/2) (too-few-public-methods)
************* Module src.models.user
src\models\user.py:8:0: R0903: Too few public methods (1/2) (too-few-public-methods)
************* Module src.notifier.discord
src\notifier\discord.py:14:0: R0917: Too many positional arguments (6/5) (too-many-positional-arguments)
************* Module src.notifier.email
src\notifier\email.py:18:0: R0917: Too many positional arguments (6/5) (too-many-positional-arguments)
src\notifier\email.py:73:0: R0913: Too many arguments (11/8) (too-many-arguments)
************* Module src.notifier.github_comment
src\notifier\github_comment.py:38:0: R0917: Too many positional arguments (6/5) (too-many-positional-arguments)
************* Module src.notifier.slack
src\notifier\slack.py:21:0: R0917: Too many positional arguments (6/5) (too-many-positional-arguments)
src\notifier\slack.py:21:0: R0914: Too many local variables (18/15) (too-many-locals)
************* Module src.notifier.telegram
src\notifier\telegram.py:27:0: R0917: Too many positional arguments (6/5) (too-many-positional-arguments)
************* Module src.notifier.webhook
src\notifier\webhook.py:13:0: R0917: Too many positional arguments (6/5) (too-many-positional-arguments)
************* Module src.scorer.calculator
src\scorer\calculator.py:18:0: C0115: Missing class docstring (missing-class-docstring)
src\scorer\calculator.py:26:0: R0914: Too many local variables (16/15) (too-many-locals)
************* Module src.ui.router
src\ui\router.py:16:0: C0301: Line too long (123/120) (line-too-long)
src\ui\router.py:75:0: C0116: Missing function or method docstring (missing-function-docstring)
src\ui\router.py:80:0: C0116: Missing function or method docstring (missing-function-docstring)
src\ui\router.py:92:0: C0116: Missing function or method docstring (missing-function-docstring)
src\ui\router.py:159:0: C0116: Missing function or method docstring (missing-function-docstring)
src\ui\router.py:170:43: E1102: func.count is not callable (not-callable)
src\ui\router.py:212:0: C0116: Missing function or method docstring (missing-function-docstring)
src\ui\router.py:212:0: R0917: Too many positional arguments (7/5) (too-many-positional-arguments)
src\ui\router.py:233:0: C0116: Missing function or method docstring (missing-function-docstring)
src\ui\router.py:326:15: W0718: Catching too general exception Exception (broad-exception-caught)
src\ui\router.py:355:0: C0116: Missing function or method docstring (missing-function-docstring)
src\ui\router.py:402:0: C0116: Missing function or method docstring (missing-function-docstring)
************* Module src.webhook.router
src\webhook\router.py:29:0: C0116: Missing function or method docstring (missing-function-docstring)
src\webhook\router.py:55:15: W0718: Catching too general exception Exception (broad-exception-caught)
src\webhook\router.py:96:11: W0718: Catching too general exception Exception (broad-exception-caught)
src\webhook\router.py:118:0: C0116: Missing function or method docstring (missing-function-docstring)
src\webhook\router.py:156:0: R0914: Too many local variables (17/15) (too-many-locals)
src\webhook\router.py:156:0: R0911: Too many return statements (8/6) (too-many-return-statements)
************* Module src.webhook.validator
src\webhook\validator.py:6:0: C0116: Missing function or method docstring (missing-function-docstring)
************* Module src.worker.pipeline
src\worker\pipeline.py:81:0: R0914: Too many local variables (16/15) (too-many-locals)
src\worker\pipeline.py:274:0: R0913: Too many arguments (9/8) (too-many-arguments)
src\worker\pipeline.py:274:0: R0917: Too many positional arguments (9/5) (too-many-positional-arguments)
src\worker\pipeline.py:335:15: W0718: Catching too general exception Exception (broad-exception-caught)
src\worker\pipeline.py:340:0: R0914: Too many local variables (24/15) (too-many-locals)
src\worker\pipeline.py:412:11: W0718: Catching too general exception Exception (broad-exception-caught)
src\worker\pipeline.py:25:0: C0411: third party import "sqlalchemy.exc.SQLAlchemyError" should be placed before first party imports "src.database.SessionLocal", "src.config.settings", "src.github_client.diff.get_pr_files" (...) "src.notifier.webhook.send_webhook_notification", "src.notifier.email.send_email_notification", "src.config_manager.manager.get_repo_config"  (wrong-import-order)
src\worker\pipeline.py:25:0: C0412: Imports from package sqlalchemy are not grouped (ungrouped-imports)
************* Module src.worker.__init__
src\worker\__init__.py:1:0: R0801: Similar lines in 2 files
==src.api.repos:[128:137]
==src.ui.router:[52:65]
        analysis_ids = [
            row.id for row in db.query(Analysis.id).filter(Analysis.repo_id == repo.id).all()
        ]
        if analysis_ids:
            db.query(GateDecision).filter(
                GateDecision.analysis_id.in_(analysis_ids)
            ).delete(synchronize_session=False)
        db.query(Analysis).filter(Analysis.repo_id == repo.id).delete(synchronize_session=False)
        db.query(RepoConfig).filter( (duplicate-code)
src\worker\__init__.py:1:0: R0801: Similar lines in 2 files
==src.api.repos:[23:30]
==src.config_manager.manager:[15:22]
    notify_chat_id: str | None = None
    n8n_webhook_url: str | None = None
    discord_webhook_url: str | None = None
    slack_webhook_url: str | None = None
    custom_webhook_url: str | None = None
    email_recipients: str | None = None
    auto_merge: bool = False (duplicate-code)
src\worker\__init__.py:1:0: R0801: Similar lines in 2 files
==src.notifier.slack:[85:90]
==src.notifier.webhook:[53:58]
        return
    payload = _build_payload(repo_name, commit_sha, score_result, analysis_results, pr_number, ai_review)
    async with build_safe_client() as client:
        r = await client.post(webhook_url, json=payload)
        r.raise_for_status() (duplicate-code)

------------------------------------------------------------------
Your code has been rated at 9.70/10 (previous run: 9.70/10, +0.00)

